[1120/145331:ERROR:process_info.cc(608)] range at 0xfffde000, size 0x230 fully unreadable
[1120/145331:ERROR:process_info.cc(608)] range at 0xfffdd000, size 0xf84 fully unreadable
[1120/145331:ERROR:process_info.cc(608)] range at 0xfffda000, size 0xf84 fully unreadable
[1120/145331:ERROR:process_info.cc(608)] range at 0xfffd7000, size 0xf84 fully unreadable
[1120/145331:ERROR:process_info.cc(608)] range at 0xfffaf000, size 0xf84 fully unreadable
[1120/145331:ERROR:process_info.cc(608)] range at 0xfffac000, size 0xf84 fully unreadable
[1120/145331:ERROR:process_info.cc(608)] range at 0xfffa6000, size 0xf84 fully unreadable
[1120/145331:ERROR:process_info.cc(608)] range at 0xfffa3000, size 0xf84 fully unreadable
[1120/145331:ERROR:process_info.cc(608)] range at 0xfffa0000, size 0xf84 fully unreadable
[1120/145331:ERROR:process_info.cc(608)] range at 0xfff9d000, size 0xf84 fully unreadable
[1120/145331:ERROR:process_info.cc(608)] range at 0xfff9a000, size 0xf84 fully unreadable
[1120/145331:ERROR:process_info.cc(608)] range at 0xfff97000, size 0xf84 fully unreadable
[1120/145331:ERROR:process_reader_win.cc(233)] ReadMemory at 0x1350000 of 64 bytes failed: Only part of a ReadProcessMemory or WriteProcessMemory request was completed. (0x12B)
[1120/145331:WARNING:pe_image_reader.cc(281)] could not read dos header from C:\Program Files (x86)\Google\Chrome\Application\chrome.exe
[1120/145331:ERROR:process_reader_win.cc(233)] ReadMemory at 0x77270000 of 64 bytes failed: Only part of a ReadProcessMemory or WriteProcessMemory request was completed. (0x12B)
[1120/145331:WARNING:pe_image_reader.cc(281)] could not read dos header from C:\Windows\SysWOW64\ntdll.dll
[1120/145331:ERROR:process_reader_win.cc(233)] ReadMemory at 0x75180000 of 64 bytes failed: Only part of a ReadProcessMemory or WriteProcessMemory request was completed. (0x12B)
[1120/145331:WARNING:pe_image_reader.cc(281)] could not read dos header from C:\Windows\syswow64\KERNELBASE.dll
[1120/145331:ERROR:process_reader_win.cc(233)] ReadMemory at 0x74f10000 of 64 bytes failed: Only part of a ReadProcessMemory or WriteProcessMemory request was completed. (0x12B)
[1120/145331:WARNING:pe_image_reader.cc(281)] could not read dos header from C:\Windows\syswow64\kernel32.dll
[1120/145331:ERROR:process_reader_win.cc(233)] ReadMemory at 0x76cc0000 of 64 bytes failed: Only part of a ReadProcessMemory or WriteProcessMemory request was completed. (0x12B)
[1120/145331:WARNING:pe_image_reader.cc(281)] could not read dos header from C:\Windows\syswow64\msvcrt.dll
[1120/145331:ERROR:process_reader_win.cc(233)] ReadMemory at 0x74dc0000 of 64 bytes failed: Only part of a ReadProcessMemory or WriteProcessMemory request was completed. (0x12B)
[1120/145331:WARNING:pe_image_reader.cc(281)] could not read dos header from C:\Windows\syswow64\CRYPTBASE.dll
[1120/145331:ERROR:process_reader_win.cc(233)] ReadMemory at 0x74dd0000 of 64 bytes failed: Only part of a ReadProcessMemory or WriteProcessMemory request was completed. (0x12B)
[1120/145331:WARNING:pe_image_reader.cc(281)] could not read dos header from C:\Windows\syswow64\SspiCli.dll
[1120/145331:ERROR:process_reader_win.cc(233)] ReadMemory at 0x75b70000 of 64 bytes failed: Only part of a ReadProcessMemory or WriteProcessMemory request was completed. (0x12B)
[1120/145331:WARNING:pe_image_reader.cc(281)] could not read dos header from C:\Windows\syswow64\RPCRT4.dll
[1120/145331:ERROR:process_reader_win.cc(233)] ReadMemory at 0x75730000 of 64 bytes failed: Only part of a ReadProcessMemory or WriteProcessMemory request was completed. (0x12B)
[1120/145331:WARNING:pe_image_reader.cc(281)] could not read dos header from C:\Windows\SysWOW64\sechost.dll
[1120/145331:ERROR:process_reader_win.cc(233)] ReadMemory at 0x74e70000 of 64 bytes failed: Only part of a ReadProcessMemory or WriteProcessMemory request was completed. (0x12B)
[1120/145331:WARNING:pe_image_reader.cc(281)] could not read dos header from C:\Windows\syswow64\ADVAPI32.dll
[1120/145331:ERROR:process_reader_win.cc(233)] ReadMemory at 0x733f0000 of 64 bytes failed: Only part of a ReadProcessMemory or WriteProcessMemory request was completed. (0x12B)
[1120/145331:WARNING:pe_image_reader.cc(281)] could not read dos header from C:\Windows\system32\VERSION.dll
[1120/145331:ERROR:process_reader_win.cc(233)] ReadMemory at 0x67430000 of 64 bytes failed: Only part of a ReadProcessMemory or WriteProcessMemory request was completed. (0x12B)
[1120/145331:WARNING:pe_image_reader.cc(281)] could not read dos header from C:\Program Files (x86)\Google\Chrome\Application\54.0.2840.99\chrome_elf.dll
[1120/145331:ERROR:process_reader_win.cc(233)] ReadMemory at 0x75080000 of 64 bytes failed: Only part of a ReadProcessMemory or WriteProcessMemory request was completed. (0x12B)
[1120/145331:WARNING:pe_image_reader.cc(281)] could not read dos header from C:\Windows\syswow64\USER32.dll
[1120/145331:ERROR:process_reader_win.cc(233)] ReadMemory at 0x76960000 of 64 bytes failed: Only part of a ReadProcessMemory or WriteProcessMemory request was completed. (0x12B)
[1120/145331:WARNING:pe_image_reader.cc(281)] could not read dos header from C:\Windows\syswow64\USP10.dll
[1120/145331:ERROR:process_reader_win.cc(233)] ReadMemory at 0x74e60000 of 64 bytes failed: Only part of a ReadProcessMemory or WriteProcessMemory request was completed. (0x12B)
[1120/145331:WARNING:pe_image_reader.cc(281)] could not read dos header from C:\Windows\syswow64\LPK.dll
[1120/145331:ERROR:process_reader_win.cc(233)] ReadMemory at 0x75810000 of 64 bytes failed: Only part of a ReadProcessMemory or WriteProcessMemory request was completed. (0x12B)
[1120/145331:WARNING:pe_image_reader.cc(281)] could not read dos header from C:\Windows\syswow64\GDI32.dll
[1120/145331:ERROR:process_reader_win.cc(233)] ReadMemory at 0x75020000 of 64 bytes failed: Only part of a ReadProcessMemory or WriteProcessMemory request was completed. (0x12B)
[1120/145331:WARNING:pe_image_reader.cc(281)] could not read dos header from C:\Windows\syswow64\SHLWAPI.dll
[1120/145331:ERROR:process_reader_win.cc(233)] ReadMemory at 0x75ce0000 of 64 bytes failed: Only part of a ReadProcessMemory or WriteProcessMemory request was completed. (0x12B)
[1120/145331:WARNING:pe_image_reader.cc(281)] could not read dos header from C:\Windows\syswow64\SHELL32.dll
[1120/145331:ERROR:process_reader_win.cc(233)] ReadMemory at 0x69380000 of 64 bytes failed: Only part of a ReadProcessMemory or WriteProcessMemory request was completed. (0x12B)
[1120/145331:WARNING:pe_image_reader.cc(281)] could not read dos header from C:\Windows\system32\WINMM.dll
[1120/145331:ERROR:process_reader_win.cc(233)] ReadMemory at 0x733e0000 of 64 bytes failed: Only part of a ReadProcessMemory or WriteProcessMemory request was completed. (0x12B)
[1120/145331:WARNING:pe_image_reader.cc(281)] could not read dos header from C:\Windows\system32\WTSAPI32.dll
[1120/145331:ERROR:process_reader_win.cc(233)] ReadMemory at 0x73400000 of 64 bytes failed: Only part of a ReadProcessMemory or WriteProcessMemory request was completed. (0x12B)
[1120/145331:WARNING:pe_image_reader.cc(281)] could not read dos header from C:\Windows\system32\webio.dll
[1120/145331:ERROR:process_reader_win.cc(233)] ReadMemory at 0x73450000 of 64 bytes failed: Only part of a ReadProcessMemory or WriteProcessMemory request was completed. (0x12B)
[1120/145331:WARNING:pe_image_reader.cc(281)] could not read dos header from C:\Windows\system32\WINHTTP.dll
[1120/145331:ERROR:process_reader_win.cc(233)] ReadMemory at 0x76b60000 of 64 bytes failed: Only part of a ReadProcessMemory or WriteProcessMemory request was completed. (0x12B)
[1120/145331:WARNING:pe_image_reader.cc(281)] could not read dos header from C:\Windows\syswow64\MSCTF.dll
[1120/145331:ERROR:process_reader_win.cc(233)] ReadMemory at 0x75750000 of 64 bytes failed: Only part of a ReadProcessMemory or WriteProcessMemory request was completed. (0x12B)
[1120/145331:WARNING:pe_image_reader.cc(281)] could not read dos header from C:\Windows\system32\IMM32.DLL
[1120/145331:ERROR:process_reader_win.cc(233)] ReadMemory at 0x73730000 of 64 bytes failed: Only part of a ReadProcessMemory or WriteProcessMemory request was completed. (0x12B)
[1120/145331:WARNING:pe_image_reader.cc(281)] could not read dos header from C:\Windows\system32\dbghelp.dll
[1120/145331:ERROR:process_reader_win.cc(233)] ReadMemory at 0x76a00000 of 64 bytes failed: Only part of a ReadProcessMemory or WriteProcessMemory request was completed. (0x12B)
[1120/145331:WARNING:pe_image_reader.cc(281)] could not read dos header from C:\Windows\syswow64\ole32.dll
[1120/145331:ERROR:process_reader_win.cc(233)] ReadMemory at 0x76c30000 of 64 bytes failed: Only part of a ReadProcessMemory or WriteProcessMemory request was completed. (0x12B)
[1120/145331:WARNING:pe_image_reader.cc(281)] could not read dos header from C:\Windows\syswow64\OLEAUT32.dll
[1120/145331:ERROR:process_reader_win.cc(233)] ReadMemory at 0x74e50000 of 64 bytes failed: Only part of a ReadProcessMemory or WriteProcessMemory request was completed. (0x12B)
[1120/145331:WARNING:pe_image_reader.cc(281)] could not read dos header from C:\Windows\syswow64\PSAPI.DLL
[1120/145331:ERROR:process_reader_win.cc(233)] ReadMemory at 0x75630000 of 64 bytes failed: Only part of a ReadProcessMemory or WriteProcessMemory request was completed. (0x12B)
[1120/145331:WARNING:pe_image_reader.cc(281)] could not read dos header from C:\Windows\syswow64\NSI.dll
[1120/145331:ERROR:process_reader_win.cc(233)] ReadMemory at 0x75930000 of 64 bytes failed: Only part of a ReadProcessMemory or WriteProcessMemory request was completed. (0x12B)
[1120/145331:WARNING:pe_image_reader.cc(281)] could not read dos header from C:\Windows\syswow64\WS2_32.dll
[1120/145331:ERROR:process_reader_win.cc(233)] ReadMemory at 0x72750000 of 64 bytes failed: Only part of a ReadProcessMemory or WriteProcessMemory request was completed. (0x12B)
[1120/145331:WARNING:pe_image_reader.cc(281)] could not read dos header from C:\Windows\WinSxS\x86_microsoft.windows.common-controls_6595b64144ccf1df_6.0.7601.17514_none_41e6975e2bd6f2b2\COMCTL32.dll
[1120/145331:ERROR:process_reader_win.cc(233)] ReadMemory at 0x75c60000 of 64 bytes failed: Only part of a ReadProcessMemory or WriteProcessMemory request was completed. (0x12B)
[1120/145331:WARNING:pe_image_reader.cc(281)] could not read dos header from C:\Windows\syswow64\COMDLG32.dll
[1120/145331:ERROR:process_reader_win.cc(233)] ReadMemory at 0x71110000 of 64 bytes failed: Only part of a ReadProcessMemory or WriteProcessMemory request was completed. (0x12B)
[1120/145331:WARNING:pe_image_reader.cc(281)] could not read dos header from C:\Windows\system32\WINSPOOL.DRV
[1120/145331:ERROR:process_reader_win.cc(233)] ReadMemory at 0x73170000 of 64 bytes failed: Only part of a ReadProcessMemory or WriteProcessMemory request was completed. (0x12B)
[1120/145331:WARNING:pe_image_reader.cc(281)] could not read dos header from C:\Windows\system32\WINNSI.DLL
[1120/145331:ERROR:process_reader_win.cc(233)] ReadMemory at 0x73180000 of 64 bytes failed: Only part of a ReadProcessMemory or WriteProcessMemory request was completed. (0x12B)
[1120/145331:WARNING:pe_image_reader.cc(281)] could not read dos header from C:\Windows\system32\IPHLPAPI.DLL
[1120/145331:ERROR:process_reader_win.cc(233)] ReadMemory at 0x64070000 of 64 bytes failed: Only part of a ReadProcessMemory or WriteProcessMemory request was completed. (0x12B)
[1120/145331:WARNING:pe_image_reader.cc(281)] could not read dos header from C:\Windows\system32\Secur32.dll
[1120/145331:ERROR:process_reader_win.cc(233)] ReadMemory at 0x640c0000 of 64 bytes failed: Only part of a ReadProcessMemory or WriteProcessMemory request was completed. (0x12B)
[1120/145331:WARNING:pe_image_reader.cc(281)] could not read dos header from C:\Windows\system32\DWrite.dll
[1120/145331:ERROR:process_reader_win.cc(233)] ReadMemory at 0x77240000 of 64 bytes failed: Only part of a ReadProcessMemory or WriteProcessMemory request was completed. (0x12B)
[1120/145331:WARNING:pe_image_reader.cc(281)] could not read dos header from C:\Windows\syswow64\MSASN1.dll
[1120/145331:ERROR:process_reader_win.cc(233)] ReadMemory at 0x751d0000 of 64 bytes failed: Only part of a ReadProcessMemory or WriteProcessMemory request was completed. (0x12B)
[1120/145331:WARNING:pe_image_reader.cc(281)] could not read dos header from C:\Windows\syswow64\CRYPT32.dll
[1120/145331:ERROR:process_reader_win.cc(233)] ReadMemory at 0x757e0000 of 64 bytes failed: Only part of a ReadProcessMemory or WriteProcessMemory request was completed. (0x12B)
[1120/145331:WARNING:pe_image_reader.cc(281)] could not read dos header from C:\Windows\syswow64\WINTRUST.dll
[1120/145331:ERROR:process_reader_win.cc(233)] ReadMemory at 0x54670000 of 64 bytes failed: Only part of a ReadProcessMemory or WriteProcessMemory request was completed. (0x12B)
[1120/145331:WARNING:pe_image_reader.cc(281)] could not read dos header from C:\Program Files (x86)\Google\Chrome\Application\54.0.2840.99\chrome_child.dll
[1120/145331:ERROR:process_reader_win.cc(233)] ReadMemory at 0x1350000 of 64 bytes failed: Only part of a ReadProcessMemory or WriteProcessMemory request was completed. (0x12B)
[1120/145331:WARNING:pe_image_reader.cc(281)] could not read dos header from C:\Program Files (x86)\Google\Chrome\Application\chrome.exe
[1120/145331:ERROR:process_reader_win.cc(233)] ReadMemory at 0x77270000 of 64 bytes failed: Only part of a ReadProcessMemory or WriteProcessMemory request was completed. (0x12B)
[1120/145331:WARNING:pe_image_reader.cc(281)] could not read dos header from C:\Windows\SysWOW64\ntdll.dll
[1120/145331:ERROR:process_reader_win.cc(233)] ReadMemory at 0x75180000 of 64 bytes failed: Only part of a ReadProcessMemory or WriteProcessMemory request was completed. (0x12B)
[1120/145331:WARNING:pe_image_reader.cc(281)] could not read dos header from C:\Windows\syswow64\KERNELBASE.dll
[1120/145331:ERROR:process_reader_win.cc(233)] ReadMemory at 0x74f10000 of 64 bytes failed: Only part of a ReadProcessMemory or WriteProcessMemory request was completed. (0x12B)
[1120/145331:WARNING:pe_image_reader.cc(281)] could not read dos header from C:\Windows\syswow64\kernel32.dll
[1120/145331:ERROR:process_reader_win.cc(233)] ReadMemory at 0x76cc0000 of 64 bytes failed: Only part of a ReadProcessMemory or WriteProcessMemory request was completed. (0x12B)
[1120/145331:WARNING:pe_image_reader.cc(281)] could not read dos header from C:\Windows\syswow64\msvcrt.dll
[1120/145331:ERROR:process_reader_win.cc(233)] ReadMemory at 0x74dc0000 of 64 bytes failed: Only part of a ReadProcessMemory or WriteProcessMemory request was completed. (0x12B)
[1120/145331:WARNING:pe_image_reader.cc(281)] could not read dos header from C:\Windows\syswow64\CRYPTBASE.dll
[1120/145331:ERROR:process_reader_win.cc(233)] ReadMemory at 0x74dd0000 of 64 bytes failed: Only part of a ReadProcessMemory or WriteProcessMemory request was completed. (0x12B)
[1120/145331:WARNING:pe_image_reader.cc(281)] could not read dos header from C:\Windows\syswow64\SspiCli.dll
[1120/145331:ERROR:process_reader_win.cc(233)] ReadMemory at 0x75b70000 of 64 bytes failed: Only part of a ReadProcessMemory or WriteProcessMemory request was completed. (0x12B)
[1120/145331:WARNING:pe_image_reader.cc(281)] could not read dos header from C:\Windows\syswow64\RPCRT4.dll
[1120/145331:ERROR:process_reader_win.cc(233)] ReadMemory at 0x75730000 of 64 bytes failed: Only part of a ReadProcessMemory or WriteProcessMemory request was completed. (0x12B)
[1120/145331:WARNING:pe_image_reader.cc(281)] could not read dos header from C:\Windows\SysWOW64\sechost.dll
[1120/145331:ERROR:process_reader_win.cc(233)] ReadMemory at 0x74e70000 of 64 bytes failed: Only part of a ReadProcessMemory or WriteProcessMemory request was completed. (0x12B)
[1120/145331:WARNING:pe_image_reader.cc(281)] could not read dos header from C:\Windows\syswow64\ADVAPI32.dll
[1120/145331:ERROR:process_reader_win.cc(233)] ReadMemory at 0x733f0000 of 64 bytes failed: Only part of a ReadProcessMemory or WriteProcessMemory request was completed. (0x12B)
[1120/145331:WARNING:pe_image_reader.cc(281)] could not read dos header from C:\Windows\system32\VERSION.dll
[1120/145331:ERROR:process_reader_win.cc(233)] ReadMemory at 0x67430000 of 64 bytes failed: Only part of a ReadProcessMemory or WriteProcessMemory request was completed. (0x12B)
[1120/145331:WARNING:pe_image_reader.cc(281)] could not read dos header from C:\Program Files (x86)\Google\Chrome\Application\54.0.2840.99\chrome_elf.dll
[1120/145331:ERROR:process_reader_win.cc(233)] ReadMemory at 0x75080000 of 64 bytes failed: Only part of a ReadProcessMemory or WriteProcessMemory request was completed. (0x12B)
[1120/145331:WARNING:pe_image_reader.cc(281)] could not read dos header from C:\Windows\syswow64\USER32.dll
[1120/145331:ERROR:process_reader_win.cc(233)] ReadMemory at 0x76960000 of 64 bytes failed: Only part of a ReadProcessMemory or WriteProcessMemory request was completed. (0x12B)
[1120/145331:WARNING:pe_image_reader.cc(281)] could not read dos header from C:\Windows\syswow64\USP10.dll
[1120/145331:ERROR:process_reader_win.cc(233)] ReadMemory at 0x74e60000 of 64 bytes failed: Only part of a ReadProcessMemory or WriteProcessMemory request was completed. (0x12B)
[1120/145331:WARNING:pe_image_reader.cc(281)] could not read dos header from C:\Windows\syswow64\LPK.dll
[1120/145331:ERROR:process_reader_win.cc(233)] ReadMemory at 0x75810000 of 64 bytes failed: Only part of a ReadProcessMemory or WriteProcessMemory request was completed. (0x12B)
[1120/145331:WARNING:pe_image_reader.cc(281)] could not read dos header from C:\Windows\syswow64\GDI32.dll
[1120/145331:ERROR:process_reader_win.cc(233)] ReadMemory at 0x75020000 of 64 bytes failed: Only part of a ReadProcessMemory or WriteProcessMemory request was completed. (0x12B)
[1120/145331:WARNING:pe_image_reader.cc(281)] could not read dos header from C:\Windows\syswow64\SHLWAPI.dll
[1120/145331:ERROR:process_reader_win.cc(233)] ReadMemory at 0x75ce0000 of 64 bytes failed: Only part of a ReadProcessMemory or WriteProcessMemory request was completed. (0x12B)
[1120/145331:WARNING:pe_image_reader.cc(281)] could not read dos header from C:\Windows\syswow64\SHELL32.dll
[1120/145331:ERROR:process_reader_win.cc(233)] ReadMemory at 0x69380000 of 64 bytes failed: Only part of a ReadProcessMemory or WriteProcessMemory request was completed. (0x12B)
[1120/145331:WARNING:pe_image_reader.cc(281)] could not read dos header from C:\Windows\system32\WINMM.dll
[1120/145331:ERROR:process_reader_win.cc(233)] ReadMemory at 0x733e0000 of 64 bytes failed: Only part of a ReadProcessMemory or WriteProcessMemory request was completed. (0x12B)
[1120/145331:WARNING:pe_image_reader.cc(281)] could not read dos header from C:\Windows\system32\WTSAPI32.dll
[1120/145331:ERROR:process_reader_win.cc(233)] ReadMemory at 0x73400000 of 64 bytes failed: Only part of a ReadProcessMemory or WriteProcessMemory request was completed. (0x12B)
[1120/145331:WARNING:pe_image_reader.cc(281)] could not read dos header from C:\Windows\system32\webio.dll
[1120/145331:ERROR:process_reader_win.cc(233)] ReadMemory at 0x73450000 of 64 bytes failed: Only part of a ReadProcessMemory or WriteProcessMemory request was completed. (0x12B)
[1120/145331:WARNING:pe_image_reader.cc(281)] could not read dos header from C:\Windows\system32\WINHTTP.dll
[1120/145331:ERROR:process_reader_win.cc(233)] ReadMemory at 0x76b60000 of 64 bytes failed: Only part of a ReadProcessMemory or WriteProcessMemory request was completed. (0x12B)
[1120/145331:WARNING:pe_image_reader.cc(281)] could not read dos header from C:\Windows\syswow64\MSCTF.dll
[1120/145331:ERROR:process_reader_win.cc(233)] ReadMemory at 0x75750000 of 64 bytes failed: Only part of a ReadProcessMemory or WriteProcessMemory request was completed. (0x12B)
[1120/145331:WARNING:pe_image_reader.cc(281)] could not read dos header from C:\Windows\system32\IMM32.DLL
[1120/145331:ERROR:process_reader_win.cc(233)] ReadMemory at 0x73730000 of 64 bytes failed: Only part of a ReadProcessMemory or WriteProcessMemory request was completed. (0x12B)
[1120/145331:WARNING:pe_image_reader.cc(281)] could not read dos header from C:\Windows\system32\dbghelp.dll
[1120/145331:ERROR:process_reader_win.cc(233)] ReadMemory at 0x76a00000 of 64 bytes failed: Only part of a ReadProcessMemory or WriteProcessMemory request was completed. (0x12B)
[1120/145331:WARNING:pe_image_reader.cc(281)] could not read dos header from C:\Windows\syswow64\ole32.dll
[1120/145331:ERROR:process_reader_win.cc(233)] ReadMemory at 0x76c30000 of 64 bytes failed: Only part of a ReadProcessMemory or WriteProcessMemory request was completed. (0x12B)
[1120/145331:WARNING:pe_image_reader.cc(281)] could not read dos header from C:\Windows\syswow64\OLEAUT32.dll
[1120/145331:ERROR:process_reader_win.cc(233)] ReadMemory at 0x74e50000 of 64 bytes failed: Only part of a ReadProcessMemory or WriteProcessMemory request was completed. (0x12B)
[1120/145331:WARNING:pe_image_reader.cc(281)] could not read dos header from C:\Windows\syswow64\PSAPI.DLL
[1120/145331:ERROR:process_reader_win.cc(233)] ReadMemory at 0x75630000 of 64 bytes failed: Only part of a ReadProcessMemory or WriteProcessMemory request was completed. (0x12B)
[1120/145331:WARNING:pe_image_reader.cc(281)] could not read dos header from C:\Windows\syswow64\NSI.dll
[1120/145331:ERROR:process_reader_win.cc(233)] ReadMemory at 0x75930000 of 64 bytes failed: Only part of a ReadProcessMemory or WriteProcessMemory request was completed. (0x12B)
[1120/145331:WARNING:pe_image_reader.cc(281)] could not read dos header from C:\Windows\syswow64\WS2_32.dll
[1120/145331:ERROR:process_reader_win.cc(233)] ReadMemory at 0x72750000 of 64 bytes failed: Only part of a ReadProcessMemory or WriteProcessMemory request was completed. (0x12B)
[1120/145331:WARNING:pe_image_reader.cc(281)] could not read dos header from C:\Windows\WinSxS\x86_microsoft.windows.common-controls_6595b64144ccf1df_6.0.7601.17514_none_41e6975e2bd6f2b2\COMCTL32.dll
[1120/145331:ERROR:process_reader_win.cc(233)] ReadMemory at 0x75c60000 of 64 bytes failed: Only part of a ReadProcessMemory or WriteProcessMemory request was completed. (0x12B)
[1120/145331:WARNING:pe_image_reader.cc(281)] could not read dos header from C:\Windows\syswow64\COMDLG32.dll
[1120/145331:ERROR:process_reader_win.cc(233)] ReadMemory at 0x71110000 of 64 bytes failed: Only part of a ReadProcessMemory or WriteProcessMemory request was completed. (0x12B)
[1120/145331:WARNING:pe_image_reader.cc(281)] could not read dos header from C:\Windows\system32\WINSPOOL.DRV
[1120/145331:ERROR:process_reader_win.cc(233)] ReadMemory at 0x73170000 of 64 bytes failed: Only part of a ReadProcessMemory or WriteProcessMemory request was completed. (0x12B)
[1120/145331:WARNING:pe_image_reader.cc(281)] could not read dos header from C:\Windows\system32\WINNSI.DLL
[1120/145331:ERROR:process_reader_win.cc(233)] ReadMemory at 0x73180000 of 64 bytes failed: Only part of a ReadProcessMemory or WriteProcessMemory request was completed. (0x12B)
[1120/145331:WARNING:pe_image_reader.cc(281)] could not read dos header from C:\Windows\system32\IPHLPAPI.DLL
[1120/145331:ERROR:process_reader_win.cc(233)] ReadMemory at 0x64070000 of 64 bytes failed: Only part of a ReadProcessMemory or WriteProcessMemory request was completed. (0x12B)
[1120/145331:WARNING:pe_image_reader.cc(281)] could not read dos header from C:\Windows\system32\Secur32.dll
[1120/145331:ERROR:process_reader_win.cc(233)] ReadMemory at 0x640c0000 of 64 bytes failed: Only part of a ReadProcessMemory or WriteProcessMemory request was completed. (0x12B)
[1120/145331:WARNING:pe_image_reader.cc(281)] could not read dos header from C:\Windows\system32\DWrite.dll
[1120/145331:ERROR:process_reader_win.cc(233)] ReadMemory at 0x77240000 of 64 bytes failed: Only part of a ReadProcessMemory or WriteProcessMemory request was completed. (0x12B)
[1120/145331:WARNING:pe_image_reader.cc(281)] could not read dos header from C:\Windows\syswow64\MSASN1.dll
[1120/145331:ERROR:process_reader_win.cc(233)] ReadMemory at 0x751d0000 of 64 bytes failed: Only part of a ReadProcessMemory or WriteProcessMemory request was completed. (0x12B)
[1120/145331:WARNING:pe_image_reader.cc(281)] could not read dos header from C:\Windows\syswow64\CRYPT32.dll
[1120/145331:ERROR:process_reader_win.cc(233)] ReadMemory at 0x757e0000 of 64 bytes failed: Only part of a ReadProcessMemory or WriteProcessMemory request was completed. (0x12B)
[1120/145331:WARNING:pe_image_reader.cc(281)] could not read dos header from C:\Windows\syswow64\WINTRUST.dll
[1120/145331:ERROR:process_reader_win.cc(233)] ReadMemory at 0x54670000 of 64 bytes failed: Only part of a ReadProcessMemory or WriteProcessMemory request was completed. (0x12B)
[1120/145331:WARNING:pe_image_reader.cc(281)] could not read dos header from C:\Program Files (x86)\Google\Chrome\Application\54.0.2840.99\chrome_child.dll
[1120/145331:ERROR:process_reader_win.cc(233)] ReadMemory at 0x1350000 of 64 bytes failed: Only part of a ReadProcessMemory or WriteProcessMemory request was completed. (0x12B)
[1120/145331:WARNING:pe_image_reader.cc(281)] could not read dos header from C:\Program Files (x86)\Google\Chrome\Application\chrome.exe
[1120/145331:ERROR:process_reader_win.cc(233)] ReadMemory at 0x77270000 of 64 bytes failed: Only part of a ReadProcessMemory or WriteProcessMemory request was completed. (0x12B)
[1120/145331:WARNING:pe_image_reader.cc(281)] could not read dos header from C:\Windows\SysWOW64\ntdll.dll
[1120/145331:ERROR:process_reader_win.cc(233)] ReadMemory at 0x75180000 of 64 bytes failed: Only part of a ReadProcessMemory or WriteProcessMemory request was completed. (0x12B)
[1120/145331:WARNING:pe_image_reader.cc(281)] could not read dos header from C:\Windows\syswow64\KERNELBASE.dll
[1120/145331:ERROR:process_reader_win.cc(233)] ReadMemory at 0x74f10000 of 64 bytes failed: Only part of a ReadProcessMemory or WriteProcessMemory request was completed. (0x12B)
[1120/145331:WARNING:pe_image_reader.cc(281)] could not read dos header from C:\Windows\syswow64\kernel32.dll
[1120/145331:ERROR:process_reader_win.cc(233)] ReadMemory at 0x76cc0000 of 64 bytes failed: Only part of a ReadProcessMemory or WriteProcessMemory request was completed. (0x12B)
[1120/145331:WARNING:pe_image_reader.cc(281)] could not read dos header from C:\Windows\syswow64\msvcrt.dll
[1120/145331:ERROR:process_reader_win.cc(233)] ReadMemory at 0x74dc0000 of 64 bytes failed: Only part of a ReadProcessMemory or WriteProcessMemory request was completed. (0x12B)
[1120/145331:WARNING:pe_image_reader.cc(281)] could not read dos header from C:\Windows\syswow64\CRYPTBASE.dll
[1120/145331:ERROR:process_reader_win.cc(233)] ReadMemory at 0x74dd0000 of 64 bytes failed: Only part of a ReadProcessMemory or WriteProcessMemory request was completed. (0x12B)
[1120/145331:WARNING:pe_image_reader.cc(281)] could not read dos header from C:\Windows\syswow64\SspiCli.dll
[1120/145331:ERROR:process_reader_win.cc(233)] ReadMemory at 0x75b70000 of 64 bytes failed: Only part of a ReadProcessMemory or WriteProcessMemory request was completed. (0x12B)
[1120/145331:WARNING:pe_image_reader.cc(281)] could not read dos header from C:\Windows\syswow64\RPCRT4.dll
[1120/145331:ERROR:process_reader_win.cc(233)] ReadMemory at 0x75730000 of 64 bytes failed: Only part of a ReadProcessMemory or WriteProcessMemory request was completed. (0x12B)
[1120/145331:WARNING:pe_image_reader.cc(281)] could not read dos header from C:\Windows\SysWOW64\sechost.dll
[1120/145331:ERROR:process_reader_win.cc(233)] ReadMemory at 0x74e70000 of 64 bytes failed: Only part of a ReadProcessMemory or WriteProcessMemory request was completed. (0x12B)
[1120/145331:WARNING:pe_image_reader.cc(281)] could not read dos header from C:\Windows\syswow64\ADVAPI32.dll
[1120/145331:ERROR:process_reader_win.cc(233)] ReadMemory at 0x733f0000 of 64 bytes failed: Only part of a ReadProcessMemory or WriteProcessMemory request was completed. (0x12B)
[1120/145331:WARNING:pe_image_reader.cc(281)] could not read dos header from C:\Windows\system32\VERSION.dll
[1120/145331:ERROR:process_reader_win.cc(233)] ReadMemory at 0x67430000 of 64 bytes failed: Only part of a ReadProcessMemory or WriteProcessMemory request was completed. (0x12B)
[1120/145331:WARNING:pe_image_reader.cc(281)] could not read dos header from C:\Program Files (x86)\Google\Chrome\Application\54.0.2840.99\chrome_elf.dll
[1120/145331:ERROR:process_reader_win.cc(233)] ReadMemory at 0x75080000 of 64 bytes failed: Only part of a ReadProcessMemory or WriteProcessMemory request was completed. (0x12B)
[1120/145331:WARNING:pe_image_reader.cc(281)] could not read dos header from C:\Windows\syswow64\USER32.dll
[1120/145331:ERROR:process_reader_win.cc(233)] ReadMemory at 0x76960000 of 64 bytes failed: Only part of a ReadProcessMemory or WriteProcessMemory request was completed. (0x12B)
[1120/145331:WARNING:pe_image_reader.cc(281)] could not read dos header from C:\Windows\syswow64\USP10.dll
[1120/145331:ERROR:process_reader_win.cc(233)] ReadMemory at 0x74e60000 of 64 bytes failed: Only part of a ReadProcessMemory or WriteProcessMemory request was completed. (0x12B)
[1120/145331:WARNING:pe_image_reader.cc(281)] could not read dos header from C:\Windows\syswow64\LPK.dll
[1120/145331:ERROR:process_reader_win.cc(233)] ReadMemory at 0x75810000 of 64 bytes failed: Only part of a ReadProcessMemory or WriteProcessMemory request was completed. (0x12B)
[1120/145331:WARNING:pe_image_reader.cc(281)] could not read dos header from C:\Windows\syswow64\GDI32.dll
[1120/145331:ERROR:process_reader_win.cc(233)] ReadMemory at 0x75020000 of 64 bytes failed: Only part of a ReadProcessMemory or WriteProcessMemory request was completed. (0x12B)
[1120/145331:WARNING:pe_image_reader.cc(281)] could not read dos header from C:\Windows\syswow64\SHLWAPI.dll
[1120/145331:ERROR:process_reader_win.cc(233)] ReadMemory at 0x75ce0000 of 64 bytes failed: Only part of a ReadProcessMemory or WriteProcessMemory request was completed. (0x12B)
[1120/145331:WARNING:pe_image_reader.cc(281)] could not read dos header from C:\Windows\syswow64\SHELL32.dll
[1120/145331:ERROR:process_reader_win.cc(233)] ReadMemory at 0x69380000 of 64 bytes failed: Only part of a ReadProcessMemory or WriteProcessMemory request was completed. (0x12B)
[1120/145331:WARNING:pe_image_reader.cc(281)] could not read dos header from C:\Windows\system32\WINMM.dll
[1120/145331:ERROR:process_reader_win.cc(233)] ReadMemory at 0x733e0000 of 64 bytes failed: Only part of a ReadProcessMemory or WriteProcessMemory request was completed. (0x12B)
[1120/145331:WARNING:pe_image_reader.cc(281)] could not read dos header from C:\Windows\system32\WTSAPI32.dll
[1120/145331:ERROR:process_reader_win.cc(233)] ReadMemory at 0x73400000 of 64 bytes failed: Only part of a ReadProcessMemory or WriteProcessMemory request was completed. (0x12B)
[1120/145331:WARNING:pe_image_reader.cc(281)] could not read dos header from C:\Windows\system32\webio.dll
[1120/145331:ERROR:process_reader_win.cc(233)] ReadMemory at 0x73450000 of 64 bytes failed: Only part of a ReadProcessMemory or WriteProcessMemory request was completed. (0x12B)
[1120/145331:WARNING:pe_image_reader.cc(281)] could not read dos header from C:\Windows\system32\WINHTTP.dll
[1120/145331:ERROR:process_reader_win.cc(233)] ReadMemory at 0x76b60000 of 64 bytes failed: Only part of a ReadProcessMemory or WriteProcessMemory request was completed. (0x12B)
[1120/145331:WARNING:pe_image_reader.cc(281)] could not read dos header from C:\Windows\syswow64\MSCTF.dll
[1120/145331:ERROR:process_reader_win.cc(233)] ReadMemory at 0x75750000 of 64 bytes failed: Only part of a ReadProcessMemory or WriteProcessMemory request was completed. (0x12B)
[1120/145331:WARNING:pe_image_reader.cc(281)] could not read dos header from C:\Windows\system32\IMM32.DLL
[1120/145331:ERROR:process_reader_win.cc(233)] ReadMemory at 0x73730000 of 64 bytes failed: Only part of a ReadProcessMemory or WriteProcessMemory request was completed. (0x12B)
[1120/145331:WARNING:pe_image_reader.cc(281)] could not read dos header from C:\Windows\system32\dbghelp.dll
[1120/145331:ERROR:process_reader_win.cc(233)] ReadMemory at 0x76a00000 of 64 bytes failed: Only part of a ReadProcessMemory or WriteProcessMemory request was completed. (0x12B)
[1120/145331:WARNING:pe_image_reader.cc(281)] could not read dos header from C:\Windows\syswow64\ole32.dll
[1120/145331:ERROR:process_reader_win.cc(233)] ReadMemory at 0x76c30000 of 64 bytes failed: Only part of a ReadProcessMemory or WriteProcessMemory request was completed. (0x12B)
[1120/145331:WARNING:pe_image_reader.cc(281)] could not read dos header from C:\Windows\syswow64\OLEAUT32.dll
[1120/145331:ERROR:process_reader_win.cc(233)] ReadMemory at 0x74e50000 of 64 bytes failed: Only part of a ReadProcessMemory or WriteProcessMemory request was completed. (0x12B)
[1120/145331:WARNING:pe_image_reader.cc(281)] could not read dos header from C:\Windows\syswow64\PSAPI.DLL
[1120/145331:ERROR:process_reader_win.cc(233)] ReadMemory at 0x75630000 of 64 bytes failed: Only part of a ReadProcessMemory or WriteProcessMemory request was completed. (0x12B)
[1120/145331:WARNING:pe_image_reader.cc(281)] could not read dos header from C:\Windows\syswow64\NSI.dll
[1120/145331:ERROR:process_reader_win.cc(233)] ReadMemory at 0x75930000 of 64 bytes failed: Only part of a ReadProcessMemory or WriteProcessMemory request was completed. (0x12B)
[1120/145331:WARNING:pe_image_reader.cc(281)] could not read dos header from C:\Windows\syswow64\WS2_32.dll
[1120/145331:ERROR:process_reader_win.cc(233)] ReadMemory at 0x72750000 of 64 bytes failed: Only part of a ReadProcessMemory or WriteProcessMemory request was completed. (0x12B)
[1120/145331:WARNING:pe_image_reader.cc(281)] could not read dos header from C:\Windows\WinSxS\x86_microsoft.windows.common-controls_6595b64144ccf1df_6.0.7601.17514_none_41e6975e2bd6f2b2\COMCTL32.dll
[1120/145331:ERROR:process_reader_win.cc(233)] ReadMemory at 0x75c60000 of 64 bytes failed: Only part of a ReadProcessMemory or WriteProcessMemory request was completed. (0x12B)
[1120/145331:WARNING:pe_image_reader.cc(281)] could not read dos header from C:\Windows\syswow64\COMDLG32.dll
[1120/145331:ERROR:process_reader_win.cc(233)] ReadMemory at 0x71110000 of 64 bytes failed: Only part of a ReadProcessMemory or WriteProcessMemory request was completed. (0x12B)
[1120/145331:WARNING:pe_image_reader.cc(281)] could not read dos header from C:\Windows\system32\WINSPOOL.DRV
[1120/145331:ERROR:process_reader_win.cc(233)] ReadMemory at 0x73170000 of 64 bytes failed: Only part of a ReadProcessMemory or WriteProcessMemory request was completed. (0x12B)
[1120/145331:WARNING:pe_image_reader.cc(281)] could not read dos header from C:\Windows\system32\WINNSI.DLL
[1120/145331:ERROR:process_reader_win.cc(233)] ReadMemory at 0x73180000 of 64 bytes failed: Only part of a ReadProcessMemory or WriteProcessMemory request was completed. (0x12B)
[1120/145331:WARNING:pe_image_reader.cc(281)] could not read dos header from C:\Windows\system32\IPHLPAPI.DLL
[1120/145331:ERROR:process_reader_win.cc(233)] ReadMemory at 0x64070000 of 64 bytes failed: Only part of a ReadProcessMemory or WriteProcessMemory request was completed. (0x12B)
[1120/145331:WARNING:pe_image_reader.cc(281)] could not read dos header from C:\Windows\system32\Secur32.dll
[1120/145331:ERROR:process_reader_win.cc(233)] ReadMemory at 0x640c0000 of 64 bytes failed: Only part of a ReadProcessMemory or WriteProcessMemory request was completed. (0x12B)
[1120/145331:WARNING:pe_image_reader.cc(281)] could not read dos header from C:\Windows\system32\DWrite.dll
[1120/145331:ERROR:process_reader_win.cc(233)] ReadMemory at 0x77240000 of 64 bytes failed: Only part of a ReadProcessMemory or WriteProcessMemory request was completed. (0x12B)
[1120/145331:WARNING:pe_image_reader.cc(281)] could not read dos header from C:\Windows\syswow64\MSASN1.dll
[1120/145331:ERROR:process_reader_win.cc(233)] ReadMemory at 0x751d0000 of 64 bytes failed: Only part of a ReadProcessMemory or WriteProcessMemory request was completed. (0x12B)
[1120/145331:WARNING:pe_image_reader.cc(281)] could not read dos header from C:\Windows\syswow64\CRYPT32.dll
[1120/145331:ERROR:process_reader_win.cc(233)] ReadMemory at 0x757e0000 of 64 bytes failed: Only part of a ReadProcessMemory or WriteProcessMemory request was completed. (0x12B)
[1120/145331:WARNING:pe_image_reader.cc(281)] could not read dos header from C:\Windows\syswow64\WINTRUST.dll
[1120/145331:ERROR:process_reader_win.cc(233)] ReadMemory at 0x54670000 of 64 bytes failed: Only part of a ReadProcessMemory or WriteProcessMemory request was completed. (0x12B)
[1120/145331:WARNING:pe_image_reader.cc(281)] could not read dos header from C:\Program Files (x86)\Google\Chrome\Application\54.0.2840.99\chrome_child.dll
[1120/145331:ERROR:process_reader_win.cc(233)] ReadMemory at 0x15a000 of 24576 bytes failed: Only part of a ReadProcessMemory or WriteProcessMemory request was completed. (0x12B)
[1120/145331:ERROR:crash_report_exception_handler.cc(98)] WriteEverything failed
[1120/145331:ERROR:scoped_process_suspend.cc(38)] NtResumeProcess: An attempt was made to access an exiting process.  (0xc000010a)
